{
    "meta": {
        "version": "6.4.1",
        "timestamp": "2022-06-19T14:27:05.214728",
        "branch_coverage": false,
        "show_contexts": false
    },
    "files": {
        "reloader_cli\\__init__.py": {
            "executed_lines": [
                1
            ],
            "summary": {
                "covered_lines": 0,
                "num_statements": 0,
                "percent_covered": 100.0,
                "percent_covered_display": "100",
                "missing_lines": 0,
                "excluded_lines": 0
            },
            "missing_lines": [],
            "excluded_lines": []
        },
        "reloader_cli\\__main__.py": {
            "executed_lines": [
                1,
                2,
                3,
                4,
                5,
                6,
                7,
                11,
                15,
                18,
                30,
                31,
                34,
                35,
                40,
                41,
                43,
                44,
                45,
                47,
                48,
                50,
                51,
                53,
                54,
                55,
                57,
                58,
                61,
                82,
                84,
                85,
                89,
                90,
                94,
                97,
                98,
                100,
                106,
                124,
                125,
                129,
                130,
                131,
                136,
                137,
                138,
                140,
                141,
                143,
                144,
                145,
                146,
                147,
                151,
                152,
                154,
                155,
                156,
                158,
                159,
                160,
                162,
                164,
                168,
                169,
                171,
                172,
                174,
                175,
                177,
                178,
                184,
                187,
                248
            ],
            "summary": {
                "covered_lines": 73,
                "num_statements": 73,
                "percent_covered": 100.0,
                "percent_covered_display": "100",
                "missing_lines": 0,
                "excluded_lines": 26
            },
            "missing_lines": [],
            "excluded_lines": [
                62,
                180,
                181,
                182,
                187,
                188,
                191,
                197,
                203,
                205,
                206,
                215,
                225,
                227,
                228,
                229,
                230,
                231,
                233,
                234,
                235,
                242,
                243,
                245,
                248,
                249
            ]
        },
        "reloader_cli\\exceptions.py": {
            "executed_lines": [
                1,
                2,
                4,
                5,
                10,
                11,
                13,
                14
            ],
            "summary": {
                "covered_lines": 8,
                "num_statements": 8,
                "percent_covered": 100.0,
                "percent_covered_display": "100",
                "missing_lines": 0,
                "excluded_lines": 0
            },
            "missing_lines": [],
            "excluded_lines": []
        },
        "tests\\__init__.py": {
            "executed_lines": [
                1
            ],
            "summary": {
                "covered_lines": 0,
                "num_statements": 0,
                "percent_covered": 100.0,
                "percent_covered_display": "100",
                "missing_lines": 0,
                "excluded_lines": 0
            },
            "missing_lines": [],
            "excluded_lines": []
        },
        "tests\\dummy_app.py": {
            "executed_lines": [
                1,
                2,
                4,
                5,
                6,
                7,
                11,
                12,
                13,
                14,
                17
            ],
            "summary": {
                "covered_lines": 10,
                "num_statements": 10,
                "percent_covered": 100.0,
                "percent_covered_display": "100",
                "missing_lines": 0,
                "excluded_lines": 2
            },
            "missing_lines": [],
            "excluded_lines": [
                17,
                18
            ]
        },
        "tests\\test_reloader.py": {
            "executed_lines": [
                1,
                2,
                3,
                13,
                16,
                17,
                18,
                19,
                20,
                23,
                24,
                26,
                27,
                30,
                31,
                32,
                35,
                36,
                37,
                38,
                41,
                42,
                43,
                46,
                47,
                51,
                52,
                55,
                57,
                58,
                59,
                60,
                63,
                64,
                65,
                66,
                69,
                70,
                71,
                72,
                75,
                76,
                77,
                80,
                81,
                82,
                85,
                86,
                88,
                89,
                90,
                93,
                94,
                95,
                98,
                99,
                100,
                103,
                104,
                107,
                108,
                109,
                110,
                111,
                113,
                114,
                115,
                118,
                119,
                120,
                122,
                123,
                126,
                127,
                128,
                131,
                132,
                133,
                136,
                137,
                138,
                140,
                142,
                143,
                144,
                145,
                147,
                148,
                151,
                152,
                153,
                155,
                157,
                159,
                162,
                166,
                167,
                169,
                172,
                174,
                175,
                176,
                177
            ],
            "summary": {
                "covered_lines": 22,
                "num_statements": 22,
                "percent_covered": 100.0,
                "percent_covered_display": "100",
                "missing_lines": 0,
                "excluded_lines": 82
            },
            "missing_lines": [],
            "excluded_lines": [
                1,
                3,
                23,
                24,
                26,
                27,
                30,
                31,
                32,
                35,
                36,
                37,
                38,
                41,
                42,
                43,
                46,
                47,
                51,
                52,
                57,
                58,
                59,
                60,
                63,
                64,
                65,
                66,
                69,
                70,
                71,
                72,
                75,
                76,
                77,
                80,
                81,
                82,
                88,
                89,
                90,
                93,
                94,
                95,
                98,
                99,
                100,
                103,
                104,
                110,
                111,
                113,
                114,
                115,
                118,
                119,
                120,
                122,
                123,
                126,
                127,
                128,
                131,
                132,
                133,
                143,
                151,
                152,
                153,
                155,
                157,
                159,
                162,
                163,
                166,
                167,
                169,
                172,
                174,
                175,
                176,
                177
            ]
        }
    },
    "totals": {
        "covered_lines": 113,
        "num_statements": 113,
        "percent_covered": 100.0,
        "percent_covered_display": "100",
        "missing_lines": 0,
        "excluded_lines": 110
    }
}