{
    "meta": {
        "version": "6.4.1",
        "timestamp": "2022-06-19T18:32:05.438193",
        "branch_coverage": false,
        "show_contexts": false
    },
    "files": {
        "reloader_cli\\__main__.py": {
            "executed_lines": [
                1,
                2,
                3,
                4,
                5,
                6,
                7,
                8,
                9,
                15,
                18,
                22,
                25,
                39,
                40,
                43,
                44,
                49,
                50,
                52,
                53,
                54,
                56,
                57,
                59,
                60,
                62,
                63,
                64,
                66,
                67,
                70,
                91,
                93,
                94,
                98,
                99,
                103,
                106,
                107,
                109,
                115,
                133,
                134,
                138,
                139,
                140,
                145,
                146,
                147,
                149,
                150,
                152,
                153,
                154,
                155,
                156,
                160,
                164,
                166,
                167,
                168,
                170,
                171,
                172,
                174,
                176,
                180,
                181,
                183,
                184,
                186,
                187,
                189,
                193,
                201,
                204,
                277
            ],
            "summary": {
                "covered_lines": 76,
                "num_statements": 76,
                "percent_covered": 100.0,
                "percent_covered_display": "100",
                "missing_lines": 0,
                "excluded_lines": 28
            },
            "missing_lines": [],
            "excluded_lines": [
                71,
                195,
                196,
                199,
                204,
                205,
                206,
                212,
                218,
                224,
                227,
                229,
                239,
                247,
                249,
                250,
                251,
                252,
                253,
                261,
                262,
                263,
                265,
                266,
                267,
                274,
                277,
                278
            ]
        },
        "reloader_cli\\exceptions.py": {
            "executed_lines": [
                1,
                2,
                4,
                5,
                11,
                12,
                14,
                15,
                21
            ],
            "summary": {
                "covered_lines": 8,
                "num_statements": 8,
                "percent_covered": 100.0,
                "percent_covered_display": "100",
                "missing_lines": 0,
                "excluded_lines": 2
            },
            "missing_lines": [],
            "excluded_lines": [
                21,
                22
            ]
        },
        "tests\\__init__.py": {
            "executed_lines": [
                1
            ],
            "summary": {
                "covered_lines": 0,
                "num_statements": 0,
                "percent_covered": 100.0,
                "percent_covered_display": "100",
                "missing_lines": 0,
                "excluded_lines": 0
            },
            "missing_lines": [],
            "excluded_lines": []
        },
        "tests\\dummy_app.py": {
            "executed_lines": [
                1,
                2,
                5,
                6,
                9,
                10,
                14,
                15,
                16,
                17,
                20
            ],
            "summary": {
                "covered_lines": 10,
                "num_statements": 10,
                "percent_covered": 100.0,
                "percent_covered_display": "100",
                "missing_lines": 0,
                "excluded_lines": 2
            },
            "missing_lines": [],
            "excluded_lines": [
                20,
                21
            ]
        },
        "tests\\test_reloader.py": {
            "executed_lines": [
                1,
                2,
                3,
                4,
                5,
                7,
                8,
                17,
                20,
                21,
                22,
                23,
                24,
                27,
                28,
                30,
                31,
                33,
                34,
                35,
                37,
                38,
                39,
                40,
                42,
                43,
                44,
                46,
                47,
                50,
                51,
                54,
                55,
                56,
                57,
                58,
                60,
                61,
                62,
                63,
                65,
                66,
                67,
                68,
                70,
                71,
                72,
                74,
                75,
                76,
                79,
                80,
                82,
                83,
                84,
                86,
                87,
                88,
                90,
                91,
                92,
                94,
                95,
                98,
                99,
                100,
                101,
                102,
                104,
                105,
                106,
                114,
                115,
                116,
                124,
                125,
                127,
                128,
                129,
                137,
                138,
                139,
                147,
                148,
                149,
                151,
                153,
                154,
                155,
                156,
                158,
                159,
                161,
                162,
                163,
                165,
                167,
                169,
                171,
                175,
                176,
                178,
                187,
                189,
                190,
                191,
                192
            ],
            "summary": {
                "covered_lines": 26,
                "num_statements": 26,
                "percent_covered": 100.0,
                "percent_covered_display": "100",
                "missing_lines": 0,
                "excluded_lines": 82
            },
            "missing_lines": [],
            "excluded_lines": [
                7,
                8,
                27,
                28,
                30,
                31,
                33,
                34,
                35,
                37,
                38,
                39,
                40,
                42,
                43,
                44,
                46,
                47,
                50,
                51,
                55,
                56,
                57,
                58,
                60,
                61,
                62,
                63,
                65,
                66,
                67,
                68,
                70,
                71,
                72,
                74,
                75,
                76,
                82,
                83,
                84,
                86,
                87,
                88,
                90,
                91,
                92,
                94,
                95,
                101,
                102,
                104,
                105,
                106,
                114,
                115,
                116,
                124,
                125,
                127,
                128,
                129,
                137,
                138,
                139,
                154,
                161,
                162,
                163,
                165,
                167,
                169,
                171,
                172,
                175,
                176,
                178,
                187,
                189,
                190,
                191,
                192
            ]
        }
    },
    "totals": {
        "covered_lines": 120,
        "num_statements": 120,
        "percent_covered": 100.0,
        "percent_covered_display": "100",
        "missing_lines": 0,
        "excluded_lines": 114
    }
}